<?xml version="1.0"?>
<!--Phoronix Test Suite v7.8.0m3-->
<PhoronixTestSuite>
  <TestInformation>
    <Title>Schbench</Title>
    <Description>This is a benchmark of Schbench, a Linux kernel scheduler benchmark developed by Facebook.</Description>
    <ResultScale>usec, 99.9th Latency Percentile</ResultScale>
    <Proportion>LIB</Proportion>
    <Executable>schbench-run</Executable>
    <TimesToRun>3</TimesToRun>
  </TestInformation>
  <TestProfile>
    <Version>1.0.1</Version>
    <SupportedPlatforms>Linux</SupportedPlatforms>
    <SoftwareType>Utility</SoftwareType>
    <TestType>System</TestType>
    <License>Free</License>
    <Status>Verified</Status>
    <ExternalDependencies>build-utilities</ExternalDependencies>
    <EnvironmentSize>1</EnvironmentSize>
    <ProjectURL>https://git.kernel.org/pub/scm/linux/kernel/git/mason/schbench.git/</ProjectURL>
    <Maintainer>Michael Larabel</Maintainer>
  </TestProfile>
  <TestSettings>
    <Default>
      <Arguments>-r 30 </Arguments>
    </Default>
    <Option>
      <DisplayName>Message Threads</DisplayName>
      <Identifier>msg-threads</Identifier>
      <ArgumentPrefix>-m </ArgumentPrefix>
      <ArgumentPostfix></ArgumentPostfix>
      <DefaultEntry>0</DefaultEntry>
      <Menu>
        <Entry>
          <Name>1</Name>
          <Value>1</Value>
          <Message></Message>
        </Entry>
        <Entry>
          <Name>2</Name>
          <Value>2</Value>
          <Message></Message>
        </Entry>
        <Entry>
          <Name>4</Name>
          <Value>4</Value>
          <Message></Message>
        </Entry>
        <Entry>
          <Name>8</Name>
          <Value>8</Value>
          <Message></Message>
        </Entry>
        <Entry>
          <Name>16</Name>
          <Value>16</Value>
          <Message></Message>
        </Entry>
      </Menu>
    </Option>
  </TestSettings>
</PhoronixTestSuite>
