<?xml version="1.0"?>
<!--Phoronix Test Suite v7.8.0m3-->
<PhoronixTestSuite>
  <TestInformation>
    <Title>will-it-scale</Title>
    <Description>will-it-scale takes a testcase and runs it from 1 through to n parallel copies to see if the testcase will scale. But in Phoronix Test Suite only nr_cpu copies would be launched.</Description>
    <ResultScale>Ops/second</ResultScale>
    <Proportion>HIB</Proportion>
    <TimesToRun>3</TimesToRun>
    <Executable>will-it-scale-run</Executable>
  </TestInformation>
  <TestProfile>
    <Version>1.0.0</Version>
    <SupportedPlatforms>Linux</SupportedPlatforms>
    <SoftwareType>Utility</SoftwareType>
    <TestType>System</TestType>
    <License>Free</License>
    <Status>Verified</Status>
    <EnvironmentSize>1</EnvironmentSize>
    <RepositoryURL>https://github.com/antonblanchard/will-it-scale.git</RepositoryURL>
    <Maintainer>Michael Larabel</Maintainer>
  </TestProfile>
  <TestSettings>
    <Option>
      <DisplayName>Sub Test</DisplayName>
      <Identifier>sub-test</Identifier>
      <Menu>
        <Entry>
          <Name>BRK1</Name>
          <Value>BRK1</Value>
          <Message>Brk Heap Allocation 1</Message>
        </Entry>
        <Entry>
          <Name>BRK2</Name>
          <Value>BRK2</Value>
          <Message>Brk Heap Allocation 2</Message>
        </Entry>
        <Entry>
          <Name>CONTEXT_SWITCH1</Name>
          <Value>CONTEXT_SWITCH1</Value>
          <Message>Task Switching</Message>
        </Entry>
        <Entry>
          <Name>DUP1</Name>
          <Value>DUP1</Value>
          <Message>File Descriptor Dup 1</Message>
        </Entry>
        <Entry>
          <Name>EVENT FD1</Name>
          <Value>EVENT_FD1</Value>
          <Message>Event fd 1</Message>
        </Entry>
        <Entry>
          <Name>FALLOCATE1</Name>
          <Value>FALLOCATE1</Value>
          <Message>Fallocate 1</Message>
        </Entry>
        <Entry>
          <Name>FALLOCATE2</Name>
          <Value>FALLOCATE2</Value>
          <Message>Fallocate 2</Message>
        </Entry>
        <Entry>
          <Name>FUTEX1</Name>
          <Value>FUTEX1</Value>
          <Message>Futex 1</Message>
        </Entry>
        <Entry>
          <Name>FUTEX2</Name>
          <Value>FUTEX2</Value>
          <Message>Futex 2</Message>
        </Entry>
        <Entry>
          <Name>FUTEX3</Name>
          <Value>FUTEX3</Value>
          <Message>Futex 3</Message>
        </Entry>
        <Entry>
          <Name>FUTEX4</Name>
          <Value>FUTEX4</Value>
          <Message>Futex 4</Message>
        </Entry>
        <Entry>
          <Name>GETPPID1</Name>
          <Value>GETPPID1</Value>
          <Message>GET PPID 1</Message>
        </Entry>
        <Entry>
          <Name>LOCK1</Name>
          <Value>LOCK1</Value>
          <Message>LOCK 1</Message>
        </Entry>
        <Entry>
          <Name>LOCK2</Name>
          <Value>LOCK2</Value>
          <Message>LOCK 2</Message>
        </Entry>
        <Entry>
          <Name>LSEEK1</Name>
          <Value>LSEEK1</Value>
          <Message>LSEEK 1</Message>
        </Entry>
        <Entry>
          <Name>LSEEK2</Name>
          <Value>LSEEK2</Value>
          <Message>LSEEK 1</Message>
        </Entry>
        <Entry>
          <Name>MALLOC1</Name>
          <Value>MALLOC1</Value>
          <Message>MALLOC 1</Message>
        </Entry>
        <Entry>
          <Name>MALLOC2</Name>
          <Value>MALLOC2</Value>
          <Message>MALLOC 2</Message>
        </Entry>
        <Entry>
          <Name>MMAP1</Name>
          <Value>MMAP1</Value>
          <Message>MMAP 1</Message>
        </Entry>
        <Entry>
          <Name>MMAP2</Name>
          <Value>MMAP2</Value>
          <Message>MMAP 2</Message>
        </Entry>
        <Entry>
          <Name>OPEN1</Name>
          <Value>OPEN1</Value>
          <Message>OPEN 1</Message>
        </Entry>
        <Entry>
          <Name>OPEN2</Name>
          <Value>OPEN2</Value>
          <Message>OPEN 2</Message>
        </Entry>
        <Entry>
          <Name>OPEN3</Name>
          <Value>OPEN3</Value>
          <Message>OPEN 3</Message>
        </Entry>
        <Entry>
          <Name>PAGE_FAULT1</Name>
          <Value>PAGE_FAULT1</Value>
          <Message>PAGE_FAULT 1</Message>
        </Entry>
        <Entry>
          <Name>PAGE_FAULT2</Name>
          <Value>PAGE_FAULT2</Value>
          <Message>PAGE_FAULT 2</Message>
        </Entry>
        <Entry>
          <Name>PAGE_FAULT3</Name>
          <Value>PAGE_FAULT3</Value>
          <Message>PAGE_FAULT 3</Message>
        </Entry>
        <Entry>
          <Name>PIPE1</Name>
          <Value>PIPE1</Value>
          <Message>PIPE 1</Message>
        </Entry>
        <Entry>
          <Name>POLL1</Name>
          <Value>POLL1</Value>
          <Message>POLL 1</Message>
        </Entry>
        <Entry>
          <Name>POLL2</Name>
          <Value>POLL2</Value>
          <Message>POLL </Message>
        </Entry>
        <Entry>
          <Name>POSIX_SEMAPHORE1</Name>
          <Value>POSIX_SEMAPHORE1</Value>
          <Message>POSIX_SEMAPHORE 1</Message>
        </Entry>
        <Entry>
          <Name>PREAD1</Name>
          <Value>PREAD1</Value>
          <Message>PREAD 1</Message>
        </Entry>
        <Entry>
          <Name>PREAD2</Name>
          <Value>PREAD2</Value>
          <Message>PREAD 2</Message>
        </Entry>
        <Entry>
          <Name>PREAD3</Name>
          <Value>PREAD3</Value>
          <Message>PREAD 3</Message>
        </Entry>
        <Entry>
          <Name>PTHREAD_MUTEX1</Name>
          <Value>PTHREAD_MUTEX1</Value>
          <Message>PTHREAD_MUTEX 1</Message>
        </Entry>
        <Entry>
          <Name>PTHREAD_MUTEX2</Name>
          <Value>PTHREAD_MUTEX2</Value>
          <Message>PTHREAD_MUTEX 2</Message>
        </Entry>
        <Entry>
          <Name>PTHREAD_MUTEX3</Name>
          <Value>PTHREAD_MUTEX3</Value>
          <Message>PTHREAD_MUTEX 3</Message>
        </Entry>
        <Entry>
          <Name>PTHREAD_MUTEX4</Name>
          <Value>PTHREAD_MUTEX4</Value>
          <Message>PTHREAD_MUTEX 4</Message>
        </Entry>
        <Entry>
          <Name>PTHREAD_MUTEX5</Name>
          <Value>PTHREAD_MUTEX5</Value>
          <Message>PTHREAD_MUTEX 5</Message>
        </Entry>
        <Entry>
          <Name>PWRITE1</Name>
          <Value>PWRITE1</Value>
          <Message>PWRITE 1</Message>
        </Entry>
        <Entry>
          <Name>PWRITE2</Name>
          <Value>PWRITE2</Value>
          <Message>PWRITE 2</Message>
        </Entry>
        <Entry>
          <Name>PWRITE3</Name>
          <Value>PWRITE3</Value>
          <Message>PWRITE 3</Message>
        </Entry>
        <Entry>
          <Name>READ1</Name>
          <Value>READ1</Value>
          <Message>READ 1</Message>
        </Entry>
        <Entry>
          <Name>READ2</Name>
          <Value>READ2</Value>
          <Message>READ 2</Message>
        </Entry>
        <Entry>
          <Name>READ3</Name>
          <Value>READ3</Value>
          <Message>READ 3</Message>
        </Entry>
        <Entry>
          <Name>READ4</Name>
          <Value>READ4</Value>
          <Message>READ 4</Message>
        </Entry>
        <Entry>
          <Name>READSEEK1</Name>
          <Value>READSEEK1</Value>
          <Message>READSEEK 1</Message>
        </Entry>
        <Entry>
          <Name>READSEEK2</Name>
          <Value>READSEEK2</Value>
          <Message>READSEEK 2</Message>
        </Entry>
        <Entry>
          <Name>READSEEK3</Name>
          <Value>READSEEK3</Value>
          <Message>READSEEK 3</Message>
        </Entry>
        <Entry>
          <Name>SCHED_YIELD</Name>
          <Value>SCHED_YIELD</Value>
          <Message>SCHED_YIELD</Message>
        </Entry>
        <Entry>
          <Name>SIGNAL1</Name>
          <Value>SIGNAL1</Value>
          <Message>SIGNAL 1</Message>
        </Entry>
        <Entry>
          <Name>TLB_FLUSH1</Name>
          <Value>TLB_FLUSH1</Value>
          <Message>TLB_FLUSH 1</Message>
        </Entry>
        <Entry>
          <Name>TLB_FLUSH2</Name>
          <Value>TLB_FLUSH2</Value>
          <Message>TLB_FLUSH 2</Message>
        </Entry>
        <Entry>
          <Name>TLB_FLUSH3</Name>
          <Value>TLB_FLUSH3</Value>
          <Message>TLB_FLUSH 3</Message>
        </Entry>
        <Entry>
          <Name>UNIX1</Name>
          <Value>UNIX1</Value>
          <Message>UNIX 1</Message>
        </Entry>
        <Entry>
          <Name>UNLINK1</Name>
          <Value>UNLINK1</Value>
          <Message>UNLINK 1</Message>
        </Entry>
        <Entry>
          <Name>UNLINK2</Name>
          <Value>UNLINK2</Value>
          <Message>UNLINK 2</Message>
        </Entry>
        <Entry>
          <Name>WRITE1</Name>
          <Value>WRITE1</Value>
          <Message>WRITE1</Message>
        </Entry>
        <Entry>
          <Name>WRITESEEK1</Name>
          <Value>WRITESEEK1</Value>
          <Message>WRITESEEK 1</Message>
        </Entry>
        <Entry>
          <Name>WRITESEEK2</Name>
          <Value>WRITESEEK2</Value>
          <Message>WRITESEEK 2</Message>
        </Entry>
        <Entry>
          <Name>WRITESEEK3</Name>
          <Value>WRITESEEK3</Value>
          <Message>WRITESEEK 3</Message>
        </Entry>
      </Menu>
    </Option>
  </TestSettings>
</PhoronixTestSuite>
